<?xml version="1.0" encoding="UTF-8"?>
<!-- Generated by org.testng.reporters.JUnitReportReporter -->
<testsuite hostname="LAPTOP-GUO9HG79" failures="0" tests="1" name="flipkart.FashionPageTestClass" time="144.147" errors="0" timestamp="2024-12-25T15:24:38 IST" skipped="0">
  <testcase classname="flipkart.FashionPageTestClass" name="validateWomenEthenic" time="144.147"/>
  <system-out/>
</testsuite> <!-- flipkart.FashionPageTestClass -->
